2021-05-08 01:58:03,633 INFO o.a.j.u.JMeterUtils: Setting Locale to en_EN
2021-05-08 01:58:03,652 INFO o.a.j.JMeter: Loading user properties from: user.properties
2021-05-08 01:58:03,653 INFO o.a.j.JMeter: Loading system properties from: system.properties
2021-05-08 01:58:03,657 INFO o.a.j.JMeter: Copyright (c) 1998-2021 The Apache Software Foundation
2021-05-08 01:58:03,657 INFO o.a.j.JMeter: Version 5.4.1
2021-05-08 01:58:03,657 INFO o.a.j.JMeter: java.version=11.0.10
2021-05-08 01:58:03,657 INFO o.a.j.JMeter: java.vm.name=Java HotSpot(TM) 64-Bit Server VM
2021-05-08 01:58:03,658 INFO o.a.j.JMeter: os.name=Windows 10
2021-05-08 01:58:03,659 INFO o.a.j.JMeter: os.arch=amd64
2021-05-08 01:58:03,659 INFO o.a.j.JMeter: os.version=10.0
2021-05-08 01:58:03,659 INFO o.a.j.JMeter: file.encoding=Cp1252
2021-05-08 01:58:03,659 INFO o.a.j.JMeter: java.awt.headless=null
2021-05-08 01:58:03,659 INFO o.a.j.JMeter: Max memory     =1073741824
2021-05-08 01:58:03,659 INFO o.a.j.JMeter: Available Processors =8
2021-05-08 01:58:03,662 INFO o.a.j.JMeter: Default Locale=English (EN)
2021-05-08 01:58:03,662 INFO o.a.j.JMeter: JMeter  Locale=English (EN)
2021-05-08 01:58:03,662 INFO o.a.j.JMeter: JMeterHome=C:\Users\leand\Desktop\apache-jmeter-5.4.1
2021-05-08 01:58:03,662 INFO o.a.j.JMeter: user.dir  =C:\Users\leand\Desktop\apache-jmeter-5.4.1\bin
2021-05-08 01:58:03,662 INFO o.a.j.JMeter: PWD       =C:\Users\leand\Desktop\apache-jmeter-5.4.1\bin
2021-05-08 01:58:03,667 INFO o.a.j.JMeter: IP: 172.22.176.1 Name: DESKTOP-CF8ISTP FullName: DESKTOP-CF8ISTP.mshome.net
2021-05-08 01:58:03,763 INFO o.a.j.JMeter: Setting LAF to: laf:javax.swing.plaf.metal.MetalLookAndFeel
2021-05-08 01:58:03,847 INFO o.a.j.JMeter: Loaded icon properties from org/apache/jmeter/images/icon.properties
2021-05-08 01:58:05,747 INFO o.a.j.JMeter: Starting Beanshell server (9000,../extras/startup.bsh)
2021-05-08 01:58:05,866 INFO o.j.r.JARSourceHTTP: Found cached repo
2021-05-08 01:58:05,978 INFO o.j.r.PluginManager: Plugins Status: [jpgc-graphs-basic=2.0, jpgc-graphs-additional=2.0, jpgc-functions=2.1, jpgc-casutg=2.9, jpgc-dummy=0.4, mqmeter=2.1.0, jpgc-jms=0.2, jpgc-plugins-manager=1.6, bzm-random-csv=0.7, jpgc-redis=0.3, tilln-sshmon=1.3, jpgc-tst=2.5, jmeter-core=5.4.1, jmeter-ftp=5.4.1, jmeter-http=5.4.1, jmeter-jdbc=5.4.1, jmeter-jms=5.4.1, jmeter-junit=5.4.1, jmeter-java=5.4.1, jmeter-ldap=5.4.1, jmeter-mail=5.4.1, jmeter-mongodb=5.4.1, jmeter-native=5.4.1, jmeter-tcp=5.4.1, jmeter-components=5.4.1]
2021-05-08 01:58:31,310 INFO o.a.j.s.FileServer: Default base='C:\Users\leand\Desktop\apache-jmeter-5.4.1\bin'
2021-05-08 01:58:31,313 INFO o.a.j.g.a.Load: Loading file: C:\Users\leand\Desktop\apache-jmeter-5.4.1\bin\TesteBeanshell.jmx
2021-05-08 01:58:31,313 INFO o.a.j.s.FileServer: Set new base='C:\Users\leand\Desktop\apache-jmeter-5.4.1\bin'
2021-05-08 01:58:31,444 INFO o.a.j.s.SaveService: Testplan (JMX) version: 2.2. Testlog (JTL) version: 2.2
2021-05-08 01:58:31,451 INFO o.a.j.s.SaveService: Using SaveService properties version 5.0
2021-05-08 01:58:31,452 INFO o.a.j.s.SaveService: Using SaveService properties file encoding UTF-8
2021-05-08 01:58:31,452 INFO o.a.j.s.SaveService: Loading file: C:\Users\leand\Desktop\apache-jmeter-5.4.1\bin\TesteBeanshell.jmx
2021-05-08 01:58:31,611 INFO o.a.j.s.SampleResult: Note: Sample TimeStamps are START times
2021-05-08 01:58:31,611 INFO o.a.j.s.SampleResult: sampleresult.default.encoding is set to ISO-8859-1
2021-05-08 01:58:31,612 INFO o.a.j.s.SampleResult: sampleresult.useNanoTime=true
2021-05-08 01:58:31,612 INFO o.a.j.s.SampleResult: sampleresult.nanoThreadSleep=5000
2021-05-08 01:58:31,742 INFO o.a.j.v.ViewResultsFullVisualizer: Add JavaFX to your Java installation if you want to use renderer: org.apache.jmeter.visualizers.RenderInBrowser
2021-05-08 01:58:31,812 INFO o.a.j.s.FileServer: Set new base='C:\Users\leand\Desktop\apache-jmeter-5.4.1\bin'
2021-05-08 01:58:50,443 INFO o.a.j.e.StandardJMeterEngine: Running the test!
2021-05-08 01:58:50,443 INFO o.a.j.s.SampleEvent: List of sample_variables: []
2021-05-08 01:58:50,444 INFO o.a.j.s.SampleEvent: List of sample_variables: []
2021-05-08 01:58:50,445 INFO o.a.j.e.u.CompoundVariable: Note: Function class names must contain the string: '.functions.'
2021-05-08 01:58:50,446 INFO o.a.j.e.u.CompoundVariable: Note: Function class names must not contain the string: '.gui.'
2021-05-08 01:58:50,639 INFO o.a.j.g.u.JMeterMenuBar: setRunning(true, *local*)
2021-05-08 01:58:50,677 INFO o.a.j.e.StandardJMeterEngine: Starting ThreadGroup: 1 : Thread Group
2021-05-08 01:58:50,677 INFO o.a.j.e.StandardJMeterEngine: Starting 1 threads for group Thread Group.
2021-05-08 01:58:50,677 INFO o.a.j.e.StandardJMeterEngine: Thread will continue on error
2021-05-08 01:58:50,678 INFO o.a.j.t.ThreadGroup: Starting thread group... number=1 threads=1 ramp-up=1 delayedStart=false
2021-05-08 01:58:50,681 INFO o.a.j.t.ThreadGroup: Started thread group number 1
2021-05-08 01:58:50,681 INFO o.a.j.e.StandardJMeterEngine: All thread groups have been started
2021-05-08 01:58:50,682 INFO o.a.j.t.JMeterThread: Thread started: Thread Group 1-1
2021-05-08 01:59:50,856 INFO o.a.j.t.JMeterThread: Stopping because end time detected by thread: Thread Group 1-1
2021-05-08 01:59:50,857 INFO o.a.j.t.JMeterThread: Thread finished: Thread Group 1-1
2021-05-08 01:59:50,857 INFO o.a.j.e.StandardJMeterEngine: Notifying test listeners of end of test
2021-05-08 01:59:50,859 INFO o.a.j.g.u.JMeterMenuBar: setRunning(false, *local*)
2021-05-08 02:00:15,556 INFO o.a.j.e.StandardJMeterEngine: Running the test!
2021-05-08 02:00:15,557 INFO o.a.j.s.SampleEvent: List of sample_variables: []
2021-05-08 02:00:15,560 INFO o.a.j.g.u.JMeterMenuBar: setRunning(true, *local*)
2021-05-08 02:00:15,594 INFO o.a.j.e.StandardJMeterEngine: Starting ThreadGroup: 1 : Thread Group
2021-05-08 02:00:15,594 INFO o.a.j.e.StandardJMeterEngine: Starting 1 threads for group Thread Group.
2021-05-08 02:00:15,594 INFO o.a.j.e.StandardJMeterEngine: Thread will continue on error
2021-05-08 02:00:15,594 INFO o.a.j.t.ThreadGroup: Starting thread group... number=1 threads=1 ramp-up=1 delayedStart=false
2021-05-08 02:00:15,595 INFO o.a.j.t.ThreadGroup: Started thread group number 1
2021-05-08 02:00:15,596 INFO o.a.j.e.StandardJMeterEngine: All thread groups have been started
2021-05-08 02:00:15,597 INFO o.a.j.t.JMeterThread: Thread started: Thread Group 1-1
2021-05-08 02:00:23,468 INFO o.a.j.g.a.Start: Stopping test
2021-05-08 02:00:23,482 INFO o.a.j.t.JMeterThread: Stopping: Thread Group 1-1
2021-05-08 02:00:23,483 WARN o.a.j.t.JMeterThread: The delay timer was interrupted - probably did not wait as long as intended.
2021-05-08 02:00:23,483 INFO o.a.j.t.JMeterThread: Thread finished: Thread Group 1-1
2021-05-08 02:00:23,483 INFO o.a.j.e.StandardJMeterEngine: Notifying test listeners of end of test
2021-05-08 02:00:23,483 INFO o.a.j.g.u.JMeterMenuBar: setRunning(false, *local*)
2021-05-08 02:00:31,855 INFO o.a.j.e.StandardJMeterEngine: Running the test!
2021-05-08 02:00:31,855 INFO o.a.j.s.SampleEvent: List of sample_variables: []
2021-05-08 02:00:31,857 INFO o.a.j.g.u.JMeterMenuBar: setRunning(true, *local*)
2021-05-08 02:00:31,888 INFO o.a.j.e.StandardJMeterEngine: Starting ThreadGroup: 1 : Thread Group
2021-05-08 02:00:31,888 INFO o.a.j.e.StandardJMeterEngine: Starting 1 threads for group Thread Group.
2021-05-08 02:00:31,888 INFO o.a.j.e.StandardJMeterEngine: Thread will continue on error
2021-05-08 02:00:31,888 INFO o.a.j.t.ThreadGroup: Starting thread group... number=1 threads=1 ramp-up=1 delayedStart=false
2021-05-08 02:00:31,889 INFO o.a.j.t.ThreadGroup: Started thread group number 1
2021-05-08 02:00:31,889 INFO o.a.j.e.StandardJMeterEngine: All thread groups have been started
2021-05-08 02:00:31,890 INFO o.a.j.t.JMeterThread: Thread started: Thread Group 1-1
2021-05-08 02:01:31,676 INFO o.a.j.t.JMeterThread: Thread finished: Thread Group 1-1
2021-05-08 02:01:31,676 INFO o.a.j.e.StandardJMeterEngine: Notifying test listeners of end of test
2021-05-08 02:01:31,678 INFO o.a.j.g.u.JMeterMenuBar: setRunning(false, *local*)
2021-05-08 02:01:56,669 INFO o.a.j.e.StandardJMeterEngine: Running the test!
2021-05-08 02:01:56,669 INFO o.a.j.s.SampleEvent: List of sample_variables: []
2021-05-08 02:01:56,671 INFO o.a.j.g.u.JMeterMenuBar: setRunning(true, *local*)
2021-05-08 02:01:56,706 INFO o.a.j.e.StandardJMeterEngine: Starting ThreadGroup: 1 : Thread Group
2021-05-08 02:01:56,707 INFO o.a.j.e.StandardJMeterEngine: Starting 1 threads for group Thread Group.
2021-05-08 02:01:56,707 INFO o.a.j.e.StandardJMeterEngine: Thread will continue on error
2021-05-08 02:01:56,707 INFO o.a.j.t.ThreadGroup: Starting thread group... number=1 threads=1 ramp-up=1 delayedStart=false
2021-05-08 02:01:56,707 INFO o.a.j.t.ThreadGroup: Started thread group number 1
2021-05-08 02:01:56,707 INFO o.a.j.e.StandardJMeterEngine: All thread groups have been started
2021-05-08 02:01:56,709 INFO o.a.j.t.JMeterThread: Thread started: Thread Group 1-1
2021-05-08 02:02:56,672 INFO o.a.j.t.JMeterThread: Thread finished: Thread Group 1-1
2021-05-08 02:02:56,672 INFO o.a.j.e.StandardJMeterEngine: Notifying test listeners of end of test
2021-05-08 02:02:56,675 INFO o.a.j.g.u.JMeterMenuBar: setRunning(false, *local*)
2021-05-08 02:03:18,613 INFO o.a.j.e.StandardJMeterEngine: Running the test!
2021-05-08 02:03:18,613 INFO o.a.j.s.SampleEvent: List of sample_variables: []
2021-05-08 02:03:18,617 INFO o.a.j.g.u.JMeterMenuBar: setRunning(true, *local*)
2021-05-08 02:03:18,650 INFO o.a.j.e.StandardJMeterEngine: Starting ThreadGroup: 1 : Thread Group
2021-05-08 02:03:18,650 INFO o.a.j.e.StandardJMeterEngine: Starting 1 threads for group Thread Group.
2021-05-08 02:03:18,650 INFO o.a.j.e.StandardJMeterEngine: Thread will continue on error
2021-05-08 02:03:18,650 INFO o.a.j.t.ThreadGroup: Starting thread group... number=1 threads=1 ramp-up=1 delayedStart=false
2021-05-08 02:03:18,651 INFO o.a.j.t.ThreadGroup: Started thread group number 1
2021-05-08 02:03:18,651 INFO o.a.j.e.StandardJMeterEngine: All thread groups have been started
2021-05-08 02:03:18,652 INFO o.a.j.t.JMeterThread: Thread started: Thread Group 1-1
2021-05-08 02:03:20,631 INFO o.a.j.g.a.Start: Stopping test
2021-05-08 02:03:20,644 INFO o.a.j.t.JMeterThread: Stopping: Thread Group 1-1
2021-05-08 02:03:20,645 WARN o.a.j.t.JMeterThread: Interrupting: Thread Group 1-1 sampler: jp@gc - Dummy Sampler
2021-05-08 02:03:20,645 WARN o.a.j.t.ThreadGroup: Thread won't exit: Thread Group 1-1
2021-05-08 02:03:20,645 INFO o.a.j.t.JMeterThread: Thread finished: Thread Group 1-1
2021-05-08 02:03:20,645 ERROR o.a.j.u.JMeterUtils: One or more test threads won't exit; see log file.
2021-05-08 02:03:20,646 INFO o.a.j.e.StandardJMeterEngine: Notifying test listeners of end of test
2021-05-08 02:03:20,646 INFO o.a.j.g.u.JMeterMenuBar: setRunning(false, *local*)
2021-05-08 02:03:26,483 INFO o.a.j.e.StandardJMeterEngine: Running the test!
2021-05-08 02:03:26,483 INFO o.a.j.s.SampleEvent: List of sample_variables: []
2021-05-08 02:03:26,488 INFO o.a.j.g.u.JMeterMenuBar: setRunning(true, *local*)
2021-05-08 02:03:26,527 INFO o.a.j.e.StandardJMeterEngine: Starting ThreadGroup: 1 : Thread Group
2021-05-08 02:03:26,527 INFO o.a.j.e.StandardJMeterEngine: Starting 1 threads for group Thread Group.
2021-05-08 02:03:26,527 INFO o.a.j.e.StandardJMeterEngine: Thread will continue on error
2021-05-08 02:03:26,527 INFO o.a.j.t.ThreadGroup: Starting thread group... number=1 threads=1 ramp-up=1 delayedStart=false
2021-05-08 02:03:26,527 INFO o.a.j.t.ThreadGroup: Started thread group number 1
2021-05-08 02:03:26,527 INFO o.a.j.e.StandardJMeterEngine: All thread groups have been started
2021-05-08 02:03:26,529 INFO o.a.j.t.JMeterThread: Thread started: Thread Group 1-1
2021-05-08 02:04:26,025 INFO o.a.j.t.JMeterThread: Thread finished: Thread Group 1-1
2021-05-08 02:04:26,026 INFO o.a.j.e.StandardJMeterEngine: Notifying test listeners of end of test
2021-05-08 02:04:26,027 INFO o.a.j.g.u.JMeterMenuBar: setRunning(false, *local*)
